babelfish-library/build/outputs/mapping/release/seeds.txt
com.mobapp.bublefish.R
com.mobapp.bublefish.R$attr
com.mobapp.bublefish.R$string
com.mobapp.bublefish.R$string: int app_name