babelfish-library/build/outputs/mapping/release/usage.txt
com.mobapp.bublefish.BabelFish
com.mobapp.bublefish.BabelFish$1
com.mobapp.bublefish.BabelFish$2
com.mobapp.bublefish.BabelFish$3
com.mobapp.bublefish.BabelFishBuilder
com.mobapp.bublefish.BuildConfig
com.mobapp.bublefish.cache.MemoryCache
com.mobapp.bublefish.cache.MemoryCache$1
com.mobapp.bublefish.network.GoogleTranslateModule
com.mobapp.bublefish.network.IGoogleTranslate
com.mobapp.bublefish.network.ITranslate
com.mobapp.bublefish.network.Request
com.mobapp.bublefish.network.TranslateModule